<?xml version="1.0" encoding="UTF-8"?>
<!-- Generated by org.testng.reporters.JUnitReportReporter -->
<testsuite skipped="0" hostname="shah-pc" name="TestNGTCReUseFun.allTestCases" tests="10" failures="0" timestamp="09 Mar 2019 20:15:46 GMT" time="329.504" errors="0">
  <testcase name="Navigate_to_SFDC_TC1" time="36.567" classname="TestNGTCReUseFun.allTestCases"/>
  <testcase name="Login_to_SFDC_TC2" time="28.833" classname="TestNGTCReUseFun.allTestCases"/>
  <testcase name="Test_remember_checkbo_TC3" time="29.352" classname="TestNGTCReUseFun.allTestCases"/>
  <testcase name="Test_Forgot_Password_4a" time="24.267" classname="TestNGTCReUseFun.allTestCases"/>
  <testcase name="Validate_Login_Error_Message_4b" time="22.783" classname="TestNGTCReUseFun.allTestCases"/>
  <testcase name="Select_UserName_Dropdown_5" time="29.357" classname="TestNGTCReUseFun.allTestCases"/>
  <testcase name="Select_MySetting_Dropdown_7" time="51.340" classname="TestNGTCReUseFun.allTestCases"/>
  <testcase name="Developers_Console_UserName_Dropdown_8" time="36.322" classname="TestNGTCReUseFun.allTestCases"/>
  <testcase name="Logout_UserName_Dropdown_9" time="46.062" classname="TestNGTCReUseFun.allTestCases"/>
  <testcase name="Create_an_Account_10" time="24.621" classname="TestNGTCReUseFun.allTestCases"/>
</testsuite> <!-- TestNGTCReUseFun.allTestCases -->
