<?xml version="1.0" encoding="UTF-8"?>
<!-- Generated by org.testng.reporters.JUnitReportReporter -->
<testsuite skipped="0" hostname="shah-pc" name="testNGTCWithXML.TCXMLClass" tests="9" failures="0" timestamp="11 Mar 2019 19:43:22 GMT" time="257.545" errors="0">
  <testcase name="Navigate_to_SFDC_TC1" time="43.899" classname="testNGTCWithXML.TCXMLClass"/>
  <testcase name="Login_to_SFDC_TC2" time="35.141" classname="testNGTCWithXML.TCXMLClass"/>
  <testcase name="Test_remember_checkbo_TC3" time="22.175" classname="testNGTCWithXML.TCXMLClass"/>
  <testcase name="Test_Forgot_Password_4a" time="11.148" classname="testNGTCWithXML.TCXMLClass"/>
  <testcase name="Validate_Login_Error_Message_4b" time="25.419" classname="testNGTCWithXML.TCXMLClass"/>
  <testcase name="Select_MySetting_Dropdown_7" time="43.905" classname="testNGTCWithXML.TCXMLClass"/>
  <testcase name="Developers_Console_UserName_Dropdown_8" time="26.616" classname="testNGTCWithXML.TCXMLClass"/>
  <testcase name="Logout_UserName_Dropdown_9" time="22.817" classname="testNGTCWithXML.TCXMLClass"/>
  <testcase name="Create_an_Account_10" time="26.425" classname="testNGTCWithXML.TCXMLClass"/>
</testsuite> <!-- testNGTCWithXML.TCXMLClass -->
